0 silly argv {
0 silly argv   _: [ 'run' ],
0 silly argv   lernaVersion: '5.6.2',
0 silly argv   '$0': '/Users/mrnote/Documents/Yandex.Practicum/cyber-forest/node_modules/.bin/lerna',
0 silly argv   script: 'test'
0 silly argv }
1 notice cli v5.6.2
2 verbose rootPath /Users/mrnote/Documents/Yandex.Practicum/cyber-forest
3 error JSONError: Unexpected token "}" (0x7D) in JSON at position 248 while parsing near "...test\": \"jest ./\",\n  },\n  \"dependencies\":..." in packages/client/package.json
3 error
3 error [0m [90m 10 |[39m     [32m"format"[39m[33m:[39m [32m"prettier --write ."[39m[33m,[39m[0m
3 error [0m [90m 11 |[39m     [32m"test"[39m[33m:[39m [32m"jest ./"[39m[33m,[39m[0m
3 error [0m[31m[1m>[22m[39m[90m 12 |[39m   }[33m,[39m[0m
3 error [0m [90m    |[39m   [31m[1m^[22m[39m[0m
3 error [0m [90m 13 |[39m   [32m"dependencies"[39m[33m:[39m {[0m
3 error [0m [90m 14 |[39m     [32m"@reduxjs/toolkit"[39m[33m:[39m [32m"^1.9.5"[39m[33m,[39m[0m
3 error [0m [90m 15 |[39m     [32m"dotenv"[39m[33m:[39m [32m"^16.0.2"[39m[33m,[39m[0m
3 error
3 error     at parseJson (/Users/mrnote/Documents/Yandex.Practicum/cyber-forest/node_modules/parse-json/index.js:29:21)
3 error     at parse (/Users/mrnote/Documents/Yandex.Practicum/cyber-forest/node_modules/load-json-file/index.js:15:9)
3 error     at module.exports (/Users/mrnote/Documents/Yandex.Practicum/cyber-forest/node_modules/load-json-file/index.js:18:47)
